mode: set
github.com/pace-noge/simple-bank/token/jwtmaker.go:19.51,20.39 1 1
github.com/pace-noge/simple-bank/token/jwtmaker.go:23.2,23.45 1 1
github.com/pace-noge/simple-bank/token/jwtmaker.go:20.39,22.3 1 0
github.com/pace-noge/simple-bank/token/jwtmaker.go:27.93,29.16 2 1
github.com/pace-noge/simple-bank/token/jwtmaker.go:33.2,34.55 2 1
github.com/pace-noge/simple-bank/token/jwtmaker.go:29.16,31.3 1 0
github.com/pace-noge/simple-bank/token/jwtmaker.go:38.68,39.57 1 1
github.com/pace-noge/simple-bank/token/jwtmaker.go:46.2,47.16 2 1
github.com/pace-noge/simple-bank/token/jwtmaker.go:54.2,55.9 2 1
github.com/pace-noge/simple-bank/token/jwtmaker.go:58.2,58.21 1 1
github.com/pace-noge/simple-bank/token/jwtmaker.go:39.57,41.10 2 1
github.com/pace-noge/simple-bank/token/jwtmaker.go:44.3,44.38 1 1
github.com/pace-noge/simple-bank/token/jwtmaker.go:41.10,43.4 1 1
github.com/pace-noge/simple-bank/token/jwtmaker.go:47.16,49.51 2 1
github.com/pace-noge/simple-bank/token/jwtmaker.go:52.3,52.30 1 1
github.com/pace-noge/simple-bank/token/jwtmaker.go:49.51,51.4 1 1
github.com/pace-noge/simple-bank/token/jwtmaker.go:55.9,57.3 1 0
github.com/pace-noge/simple-bank/token/paseto_maker.go:17.57,18.51 1 1
github.com/pace-noge/simple-bank/token/paseto_maker.go:22.2,26.19 2 1
github.com/pace-noge/simple-bank/token/paseto_maker.go:18.51,20.3 1 0
github.com/pace-noge/simple-bank/token/paseto_maker.go:30.92,32.16 2 1
github.com/pace-noge/simple-bank/token/paseto_maker.go:35.2,35.55 1 1
github.com/pace-noge/simple-bank/token/paseto_maker.go:32.16,34.3 1 0
github.com/pace-noge/simple-bank/token/paseto_maker.go:39.67,43.16 3 1
github.com/pace-noge/simple-bank/token/paseto_maker.go:47.2,48.16 2 1
github.com/pace-noge/simple-bank/token/paseto_maker.go:51.2,51.21 1 1
github.com/pace-noge/simple-bank/token/paseto_maker.go:43.16,45.3 1 0
github.com/pace-noge/simple-bank/token/paseto_maker.go:48.16,50.3 1 1
github.com/pace-noge/simple-bank/token/payload.go:22.76,24.16 2 1
github.com/pace-noge/simple-bank/token/payload.go:28.2,34.21 2 1
github.com/pace-noge/simple-bank/token/payload.go:24.16,26.3 1 0
github.com/pace-noge/simple-bank/token/payload.go:37.39,38.41 1 1
github.com/pace-noge/simple-bank/token/payload.go:41.2,41.12 1 1
github.com/pace-noge/simple-bank/token/payload.go:38.41,40.3 1 1
github.com/pace-noge/simple-bank/util/config.go:14.57,22.16 6 0
github.com/pace-noge/simple-bank/util/config.go:26.2,27.8 2 0
github.com/pace-noge/simple-bank/util/config.go:22.16,24.3 1 0
github.com/pace-noge/simple-bank/util/currency.go:11.48,12.18 1 0
github.com/pace-noge/simple-bank/util/currency.go:16.2,16.14 1 0
github.com/pace-noge/simple-bank/util/currency.go:13.21,14.14 1 0
github.com/pace-noge/simple-bank/util/password.go:10.52,12.16 2 1
github.com/pace-noge/simple-bank/util/password.go:15.2,15.36 1 1
github.com/pace-noge/simple-bank/util/password.go:12.16,14.3 1 0
github.com/pace-noge/simple-bank/util/password.go:19.59,21.2 1 1
github.com/pace-noge/simple-bank/util/random.go:12.13,14.2 1 1
github.com/pace-noge/simple-bank/util/random.go:16.38,18.2 1 0
github.com/pace-noge/simple-bank/util/random.go:20.30,24.25 3 1
github.com/pace-noge/simple-bank/util/random.go:28.2,28.20 1 1
github.com/pace-noge/simple-bank/util/random.go:24.25,27.3 2 1
github.com/pace-noge/simple-bank/util/random.go:31.27,33.2 1 0
github.com/pace-noge/simple-bank/util/random.go:35.26,37.2 1 0
github.com/pace-noge/simple-bank/util/random.go:39.30,44.2 3 0
github.com/pace-noge/simple-bank/util/random.go:46.27,48.2 1 0
github.com/pace-noge/simple-bank/api/server.go:17.40,21.67 3 1
github.com/pace-noge/simple-bank/api/server.go:25.2,38.15 8 1
github.com/pace-noge/simple-bank/api/server.go:21.67,23.3 1 1
github.com/pace-noge/simple-bank/api/server.go:42.51,44.2 1 0
github.com/pace-noge/simple-bank/api/server.go:46.37,48.2 1 1
github.com/pace-noge/simple-bank/api/transfer.go:19.56,21.49 2 1
github.com/pace-noge/simple-bank/api/transfer.go:26.2,26.64 1 1
github.com/pace-noge/simple-bank/api/transfer.go:30.2,30.62 1 1
github.com/pace-noge/simple-bank/api/transfer.go:34.2,41.16 3 1
github.com/pace-noge/simple-bank/api/transfer.go:45.2,45.34 1 1
github.com/pace-noge/simple-bank/api/transfer.go:21.49,24.3 2 1
github.com/pace-noge/simple-bank/api/transfer.go:26.64,28.3 1 1
github.com/pace-noge/simple-bank/api/transfer.go:30.62,32.3 1 1
github.com/pace-noge/simple-bank/api/transfer.go:41.16,44.3 2 1
github.com/pace-noge/simple-bank/api/transfer.go:48.93,50.16 2 1
github.com/pace-noge/simple-bank/api/transfer.go:58.2,58.34 1 1
github.com/pace-noge/simple-bank/api/transfer.go:63.2,63.13 1 1
github.com/pace-noge/simple-bank/api/transfer.go:50.16,51.27 1 1
github.com/pace-noge/simple-bank/api/transfer.go:55.3,56.15 2 1
github.com/pace-noge/simple-bank/api/transfer.go:51.27,54.4 2 1
github.com/pace-noge/simple-bank/api/transfer.go:58.34,62.3 3 1
github.com/pace-noge/simple-bank/api/user.go:28.52,30.49 2 1
github.com/pace-noge/simple-bank/api/user.go:35.2,36.16 2 1
github.com/pace-noge/simple-bank/api/user.go:41.2,49.16 3 1
github.com/pace-noge/simple-bank/api/user.go:61.2,69.39 2 1
github.com/pace-noge/simple-bank/api/user.go:30.49,33.3 2 1
github.com/pace-noge/simple-bank/api/user.go:36.16,39.3 2 0
github.com/pace-noge/simple-bank/api/user.go:49.16,50.39 1 1
github.com/pace-noge/simple-bank/api/user.go:57.3,58.9 2 1
github.com/pace-noge/simple-bank/api/user.go:50.39,51.29 1 1
github.com/pace-noge/simple-bank/api/user.go:52.28,54.11 2 1
github.com/pace-noge/simple-bank/api/validator.go:8.79,9.65 1 1
github.com/pace-noge/simple-bank/api/validator.go:12.2,12.14 1 0
github.com/pace-noge/simple-bank/api/validator.go:9.65,11.3 1 1
github.com/pace-noge/simple-bank/api/account.go:17.55,19.49 2 1
github.com/pace-noge/simple-bank/api/account.go:24.2,31.16 3 1
github.com/pace-noge/simple-bank/api/account.go:42.2,42.34 1 1
github.com/pace-noge/simple-bank/api/account.go:19.49,22.3 2 1
github.com/pace-noge/simple-bank/api/account.go:31.16,32.39 1 1
github.com/pace-noge/simple-bank/api/account.go:39.3,40.9 2 1
github.com/pace-noge/simple-bank/api/account.go:32.39,33.29 1 0
github.com/pace-noge/simple-bank/api/account.go:34.53,36.11 2 0
github.com/pace-noge/simple-bank/api/account.go:49.52,51.48 2 1
github.com/pace-noge/simple-bank/api/account.go:56.2,57.16 2 1
github.com/pace-noge/simple-bank/api/account.go:65.2,65.34 1 1
github.com/pace-noge/simple-bank/api/account.go:51.48,54.3 2 1
github.com/pace-noge/simple-bank/api/account.go:57.16,58.27 1 1
github.com/pace-noge/simple-bank/api/account.go:63.3,63.9 1 1
github.com/pace-noge/simple-bank/api/account.go:58.27,60.4 1 1
github.com/pace-noge/simple-bank/api/account.go:60.9,62.4 1 1
github.com/pace-noge/simple-bank/api/account.go:73.53,75.50 2 1
github.com/pace-noge/simple-bank/api/account.go:80.2,86.16 3 1
github.com/pace-noge/simple-bank/api/account.go:90.2,90.35 1 1
github.com/pace-noge/simple-bank/api/account.go:75.50,78.3 2 1
github.com/pace-noge/simple-bank/api/account.go:86.16,89.3 2 1
github.com/pace-noge/simple-bank/api/account.go:93.55,95.48 2 1
github.com/pace-noge/simple-bank/api/account.go:100.2,100.64 1 1
github.com/pace-noge/simple-bank/api/account.go:108.2,108.36 1 1
github.com/pace-noge/simple-bank/api/account.go:95.48,98.3 2 1
github.com/pace-noge/simple-bank/api/account.go:100.64,101.27 1 1
github.com/pace-noge/simple-bank/api/account.go:106.3,106.9 1 1
github.com/pace-noge/simple-bank/api/account.go:101.27,103.4 1 1
github.com/pace-noge/simple-bank/api/account.go:103.9,105.4 1 1
github.com/pace-noge/simple-bank/db/sqlc/account.sql.go:22.104,33.2 4 0
github.com/pace-noge/simple-bank/db/sqlc/account.sql.go:51.96,62.2 4 0
github.com/pace-noge/simple-bank/db/sqlc/account.sql.go:68.70,71.2 2 0
github.com/pace-noge/simple-bank/db/sqlc/account.sql.go:78.78,89.2 4 0
github.com/pace-noge/simple-bank/db/sqlc/account.sql.go:97.87,108.2 4 0
github.com/pace-noge/simple-bank/db/sqlc/account.sql.go:122.96,124.16 2 0
github.com/pace-noge/simple-bank/db/sqlc/account.sql.go:127.2,129.18 3 0
github.com/pace-noge/simple-bank/db/sqlc/account.sql.go:142.2,142.37 1 0
github.com/pace-noge/simple-bank/db/sqlc/account.sql.go:145.2,145.35 1 0
github.com/pace-noge/simple-bank/db/sqlc/account.sql.go:148.2,148.19 1 0
github.com/pace-noge/simple-bank/db/sqlc/account.sql.go:124.16,126.3 1 0
github.com/pace-noge/simple-bank/db/sqlc/account.sql.go:129.18,137.17 2 0
github.com/pace-noge/simple-bank/db/sqlc/account.sql.go:140.3,140.27 1 0
github.com/pace-noge/simple-bank/db/sqlc/account.sql.go:137.17,139.4 1 0
github.com/pace-noge/simple-bank/db/sqlc/account.sql.go:142.37,144.3 1 0
github.com/pace-noge/simple-bank/db/sqlc/account.sql.go:145.35,147.3 1 0
github.com/pace-noge/simple-bank/db/sqlc/account.sql.go:163.96,174.2 4 0
github.com/pace-noge/simple-bank/db/sqlc/db.go:17.28,19.2 1 1
github.com/pace-noge/simple-bank/db/sqlc/db.go:25.47,29.2 1 0
github.com/pace-noge/simple-bank/db/sqlc/entry.sql.go:24.90,34.2 4 0
github.com/pace-noge/simple-bank/db/sqlc/entry.sql.go:41.74,51.2 4 0
github.com/pace-noge/simple-bank/db/sqlc/entry.sql.go:65.92,67.16 2 0
github.com/pace-noge/simple-bank/db/sqlc/entry.sql.go:70.2,72.18 3 0
github.com/pace-noge/simple-bank/db/sqlc/entry.sql.go:84.2,84.37 1 0
github.com/pace-noge/simple-bank/db/sqlc/entry.sql.go:87.2,87.35 1 0
github.com/pace-noge/simple-bank/db/sqlc/entry.sql.go:90.2,90.19 1 0
github.com/pace-noge/simple-bank/db/sqlc/entry.sql.go:67.16,69.3 1 0
github.com/pace-noge/simple-bank/db/sqlc/entry.sql.go:72.18,79.17 2 0
github.com/pace-noge/simple-bank/db/sqlc/entry.sql.go:82.3,82.27 1 0
github.com/pace-noge/simple-bank/db/sqlc/entry.sql.go:79.17,81.4 1 0
github.com/pace-noge/simple-bank/db/sqlc/entry.sql.go:84.37,86.3 1 0
github.com/pace-noge/simple-bank/db/sqlc/entry.sql.go:87.35,89.3 1 0
github.com/pace-noge/simple-bank/db/sqlc/store.go:22.33,27.2 1 1
github.com/pace-noge/simple-bank/db/sqlc/store.go:30.83,32.16 2 0
github.com/pace-noge/simple-bank/db/sqlc/store.go:36.2,38.16 3 0
github.com/pace-noge/simple-bank/db/sqlc/store.go:45.2,45.20 1 0
github.com/pace-noge/simple-bank/db/sqlc/store.go:32.16,34.3 1 0
github.com/pace-noge/simple-bank/db/sqlc/store.go:38.16,39.43 1 0
github.com/pace-noge/simple-bank/db/sqlc/store.go:42.3,42.13 1 0
github.com/pace-noge/simple-bank/db/sqlc/store.go:39.43,41.4 1 0
github.com/pace-noge/simple-bank/db/sqlc/store.go:66.104,69.50 2 0
github.com/pace-noge/simple-bank/db/sqlc/store.go:112.2,112.22 1 0
github.com/pace-noge/simple-bank/db/sqlc/store.go:69.50,77.17 3 0
github.com/pace-noge/simple-bank/db/sqlc/store.go:81.3,85.17 2 0
github.com/pace-noge/simple-bank/db/sqlc/store.go:89.3,94.17 2 0
github.com/pace-noge/simple-bank/db/sqlc/store.go:100.3,100.42 1 0
github.com/pace-noge/simple-bank/db/sqlc/store.go:106.3,106.17 1 0
github.com/pace-noge/simple-bank/db/sqlc/store.go:110.3,110.13 1 0
github.com/pace-noge/simple-bank/db/sqlc/store.go:77.17,79.4 1 0
github.com/pace-noge/simple-bank/db/sqlc/store.go:85.17,87.4 1 0
github.com/pace-noge/simple-bank/db/sqlc/store.go:94.17,96.4 1 0
github.com/pace-noge/simple-bank/db/sqlc/store.go:100.42,102.4 1 0
github.com/pace-noge/simple-bank/db/sqlc/store.go:102.9,104.4 1 0
github.com/pace-noge/simple-bank/db/sqlc/store.go:106.17,108.4 1 0
github.com/pace-noge/simple-bank/db/sqlc/store.go:122.43,127.16 2 0
github.com/pace-noge/simple-bank/db/sqlc/store.go:131.2,135.8 2 0
github.com/pace-noge/simple-bank/db/sqlc/store.go:127.16,129.3 1 0
github.com/pace-noge/simple-bank/db/sqlc/transfer.sql.go:26.99,37.2 4 0
github.com/pace-noge/simple-bank/db/sqlc/transfer.sql.go:44.80,55.2 4 0
github.com/pace-noge/simple-bank/db/sqlc/transfer.sql.go:74.99,81.16 2 0
github.com/pace-noge/simple-bank/db/sqlc/transfer.sql.go:84.2,86.18 3 0
github.com/pace-noge/simple-bank/db/sqlc/transfer.sql.go:99.2,99.37 1 0
github.com/pace-noge/simple-bank/db/sqlc/transfer.sql.go:102.2,102.35 1 0
github.com/pace-noge/simple-bank/db/sqlc/transfer.sql.go:105.2,105.19 1 0
github.com/pace-noge/simple-bank/db/sqlc/transfer.sql.go:81.16,83.3 1 0
github.com/pace-noge/simple-bank/db/sqlc/transfer.sql.go:86.18,94.17 2 0
github.com/pace-noge/simple-bank/db/sqlc/transfer.sql.go:97.3,97.27 1 0
github.com/pace-noge/simple-bank/db/sqlc/transfer.sql.go:94.17,96.4 1 0
github.com/pace-noge/simple-bank/db/sqlc/transfer.sql.go:99.37,101.3 1 0
github.com/pace-noge/simple-bank/db/sqlc/transfer.sql.go:102.35,104.3 1 0
github.com/pace-noge/simple-bank/db/sqlc/user.sql.go:28.87,45.2 4 1
github.com/pace-noge/simple-bank/db/sqlc/user.sql.go:52.79,64.2 4 0
